
bb_init()
    conn:
    proto_major = 7
    proto_minor = 26
    async_read = 1
    max_write = 131072
    max_readahead = 131072
    capable = 00000ffb
    want = 00000010
    max_background = 0
    congestion_threshold = 0
    context:
    fuse = 1e864710
    uid = 0
    gid = 0
    pid = 0
    private_data = 1e8643c0
    logfile = 1e8632f0
    rootdir = p«ŒÉ
    umask = 00000

bb_getattr(path="/", statbuf=0x8b2bbc00)
original path: /
strlen result: 1
new_getattr->path: /
before getattr
after getattr
result.res: 0
mode returned is 40775
    si:
    st_dev = 2050
    st_ino = 1841790
    st_mode = 040775
    st_nlink = 3
    st_uid = 1000
    st_gid = 1000
    st_rdev = 0
    st_size = 4096
    st_blksize = 4096
    st_blocks = 8
    st_atime = 0x5f9c10b7
    st_mtime = 0x5f9a7477
    st_ctime = 0x5f9a7509

bb_getattr(path="/", statbuf=0x8babcc00)
original path: /
strlen result: 1
new_getattr->path: /
before getattr
after getattr
result.res: 0
mode returned is 40775
    si:
    st_dev = 2050
    st_ino = 1841790
    st_mode = 040775
    st_nlink = 3
    st_uid = 1000
    st_gid = 1000
    st_rdev = 0
    st_size = 4096
    st_blksize = 4096
    st_blocks = 8
    st_atime = 0x5f9c10b7
    st_mtime = 0x5f9a7477
    st_ctime = 0x5f9a7509

bb_access(path="/", mask=01)

bb_opendir(path="/", fi=0x8babcc20)
pRes->res: 5pRes->isvalid: 1    fi:
    flags = 0x00018800
    fh_old = 0x00000000
    writepage = 0
    direct_io = 0
    keep_cache = 0
    fh = 0x0000000000000005
    lock_owner = 0x0000000000000000

bb_getattr(path="/", statbuf=0x8b2bbc00)
original path: /
strlen result: 1
new_getattr->path: /
before getattr
after getattr
result.res: 0
mode returned is 40775
    si:
    st_dev = 2050
    st_ino = 1841790
    st_mode = 040775
    st_nlink = 3
    st_uid = 1000
    st_gid = 1000
    st_rdev = 0
    st_size = 4096
    st_blksize = 4096
    st_blocks = 8
    st_atime = 0x5f9c10b7
    st_mtime = 0x5f9a7477
    st_ctime = 0x5f9a7509

bb_readdir(path="/", buf=0x84002210, filler=0x8c4ebd00, offset=0, fi=0x8babcc20)
fi->fh=5
new_readdir->fh=5
ans count: 6
ans->buf + offs: tt
ans->buf + offs: ..
ans->buf + offs: cc.txt
ans->buf + offs: bbb.txt
ans->buf + offs: aaa.txt
ans->buf + offs: .

bb_getattr(path="/tt", statbuf=0x8b2bbc30)
original path: /tt
strlen result: 3
new_getattr->path: /tt
before getattr
after getattr
result.res: 0
mode returned is 40755
    si:
    st_dev = 2050
    st_ino = 1835128
    st_mode = 040755
    st_nlink = 2
    st_uid = 0
    st_gid = 0
    st_rdev = 0
    st_size = 4096
    st_blksize = 4096
    st_blocks = 8
    st_atime = 0x5f9c10b7
    st_mtime = 0x5f985b60
    st_ctime = 0x5f985b60

bb_getattr(path="/cc.txt", statbuf=0x8babcc30)
original path: /cc.txt
strlen result: 7
new_getattr->path: /cc.txt
before getattr
after getattr
result.res: 0
mode returned is 100644
    si:
    st_dev = 2050
    st_ino = 1835132
    st_mode = 0100644
    st_nlink = 1
    st_uid = 0
    st_gid = 0
    st_rdev = 0
    st_size = 0
    st_blksize = 4096
    st_blocks = 0
    st_atime = 0x5f9a6fe0
    st_mtime = 0x5f986165
    st_ctime = 0x5f986165

bb_getattr(path="/bbb.txt", statbuf=0x8b2bbc30)
original path: /bbb.txt
strlen result: 8
new_getattr->path: /bbb.txt
before getattr
after getattr
result.res: 0
mode returned is 100664
    si:
    st_dev = 2050
    st_ino = 1841798
    st_mode = 0100664
    st_nlink = 1
    st_uid = 1000
    st_gid = 1000
    st_rdev = 0
    st_size = 31
    st_blksize = 4096
    st_blocks = 8
    st_atime = 0x5f9a6fde
    st_mtime = 0x5f904106
    st_ctime = 0x5f904106

bb_getattr(path="/aaa.txt", statbuf=0x8babcc30)
original path: /aaa.txt
strlen result: 8
new_getattr->path: /aaa.txt
before getattr
after getattr
result.res: 0
mode returned is 100664
    si:
    st_dev = 2050
    st_ino = 1841806
    st_mode = 0100664
    st_nlink = 1
    st_uid = 1000
    st_gid = 1000
    st_rdev = 0
    st_size = 59
    st_blksize = 4096
    st_blocks = 8
    st_atime = 0x5f9a7477
    st_mtime = 0x5f9a7477
    st_ctime = 0x5f9a7477

bb_releasedir(path="/", fi=0x8babcc30)
    fi:
    flags = 0x00000000
    fh_old = 0x00000005
    writepage = 0
    direct_io = 0
    keep_cache = 0
    fh = 0x0000000000000005
    lock_owner = 0x0000000000000000

bb_getattr(path="/", statbuf=0x8b2bbc00)
original path: /
strlen result: 1
new_getattr->path: /
before getattr
after getattr
result.res: 0
mode returned is 40775
    si:
    st_dev = 2050
    st_ino = 1841790
    st_mode = 040775
    st_nlink = 3
    st_uid = 1000
    st_gid = 1000
    st_rdev = 0
    st_size = 4096
    st_blksize = 4096
    st_blocks = 8
    st_atime = 0x5f9c10b7
    st_mtime = 0x5f9a7477
    st_ctime = 0x5f9a7509

bb_getattr(path="/", statbuf=0x8babcc00)
original path: /
strlen result: 1
new_getattr->path: /
before getattr
