
bb_init()
    conn:
    proto_major = 7
    proto_minor = 26
    async_read = 1
    max_write = 131072
    max_readahead = 131072
    capable = 00000ffb
    want = 00000010
    max_background = 0
    congestion_threshold = 0
    context:
    fuse = 70902750
    uid = 0
    gid = 0
    pid = 0
    private_data = 709013c0
    logfile = 709002f0
    rootdir = /home/localadmin/mx/try_finalproject/bbfs_client/fakeroot
    umask = 00000

bb_getattr(path="/.git", statbuf=0x89fdbc30)
    bb_fullpath:  rootdir = "/home/localadmin/mx/try_finalproject/bbfs_client/fakeroot", path = "/.git", fpath = "/home/localadmin/mx/try_finalproject/bbfs_client/fakeroot/.git"
    lstat returned -1
    ERROR lstat: No such file or directory
    si:
    st_dev = 0
    st_ino = 0
    st_mode = 00
    st_nlink = 0
    st_uid = 0
    st_gid = 0
    st_rdev = 0
    st_size = 0
    st_blksize = 0
    st_blocks = 0
    st_atime = 0x00000000
    st_mtime = 0x00000000
    st_ctime = 0x00000000

bb_getattr(path="/.git", statbuf=0x897dac30)
    bb_fullpath:  rootdir = "/home/localadmin/mx/try_finalproject/bbfs_client/fakeroot", path = "/.git", fpath = "/home/localadmin/mx/try_finalproject/bbfs_client/fakeroot/.git"
    lstat returned -1
    ERROR lstat: No such file or directory
    si:
    st_dev = 0
    st_ino = 0
    st_mode = 00
    st_nlink = 0
    st_uid = 0
    st_gid = 0
    st_rdev = 0
    st_size = 0
    st_blksize = 0
    st_blocks = 0
    st_atime = 0x00000000
    st_mtime = 0x00000000
    st_ctime = 0x00000000

bb_opendir(path="/", fi=0x89fdbc20)
    bb_fullpath:  rootdir = "/home/localadmin/mx/try_finalproject/bbfs_client/fakeroot", path = "/", fpath = "/home/localadmin/mx/try_finalproject/bbfs_client/fakeroot/"
    opendir returned 0x(nil)
    ERROR bb_opendir opendir: No such file or directory
    fi:
    flags = 0x00018800
    fh_old = 0x00000000
    writepage = 0
    direct_io = 0
    keep_cache = 0
    fh = 0x0000000000000000
    lock_owner = 0x0000000000000000

bb_getattr(path="/", statbuf=0x897dac00)
    bb_fullpath:  rootdir = "/home/localadmin/mx/try_finalproject/bbfs_client/fakeroot", path = "/", fpath = "/home/localadmin/mx/try_finalproject/bbfs_client/fakeroot/"
    lstat returned -1
    ERROR lstat: No such file or directory
    si:
    st_dev = 0
    st_ino = 0
    st_mode = 00
    st_nlink = 0
    st_uid = 0
    st_gid = 0
    st_rdev = 0
    st_size = 0
    st_blksize = 0
    st_blocks = 0
    st_atime = 0x00000000
    st_mtime = 0x00000000
    st_ctime = 0x00000000

bb_destroy(userdata=0x709013c0)
